<?xml version="1.0" encoding="UTF-8"?>
<!-- Generated by org.testng.reporters.JUnitReportReporter -->
<testsuite skipped="0" hostname="Dell" name="AutomationAdvance.AppiumTest" tests="2" failures="0" timestamp="01 Feb 2019 00:56:28 GMT" time="0.018" errors="0">
  <testcase name="NativeAppAndroid" time="0.001" classname="AutomationAdvance.AppiumTest"/>
  <testcase name="IosApp" time="0.017" classname="AutomationAdvance.AppiumTest"/>
</testsuite> <!-- AutomationAdvance.AppiumTest -->
